<?xml version="1.0" encoding="UTF-8"?>
<coverage generated="1698372636988" clover="3.2.0">
  <project timestamp="1698372636988" name="All files">
    <metrics statements="82" coveredstatements="22" conditionals="10" coveredconditionals="0" methods="10" coveredmethods="2" elements="102" coveredelements="24" complexity="0" loc="82" ncloc="82" packages="2" files="2" classes="2"/>
    <package name="controllers">
      <metrics statements="65" coveredstatements="18" conditionals="6" coveredconditionals="0" methods="7" coveredmethods="2"/>
      <file name="authController.js" path="E:\David\UnivalleAlToqueBackend\src\controllers\authController.js">
        <metrics statements="65" coveredstatements="18" conditionals="6" coveredconditionals="0" methods="7" coveredmethods="2"/>
        <line num="12" count="1" type="stmt"/>
        <line num="13" count="1" type="stmt"/>
        <line num="14" count="1" type="stmt"/>
        <line num="15" count="1" type="stmt"/>
        <line num="16" count="1" type="stmt"/>
        <line num="17" count="1" type="stmt"/>
        <line num="20" count="1" type="stmt"/>
        <line num="33" count="1" type="stmt"/>
        <line num="35" count="1" type="stmt"/>
        <line num="38" count="1" type="stmt"/>
        <line num="41" count="1" type="stmt"/>
        <line num="44" count="0" type="stmt"/>
        <line num="47" count="0" type="cond" truecount="0" falsecount="2"/>
        <line num="48" count="0" type="stmt"/>
        <line num="51" count="0" type="stmt"/>
        <line num="56" count="0" type="stmt"/>
        <line num="58" count="0" type="stmt"/>
        <line num="61" count="0" type="stmt"/>
        <line num="64" count="1" type="stmt"/>
        <line num="70" count="0" type="stmt"/>
        <line num="71" count="0" type="stmt"/>
        <line num="73" count="0" type="stmt"/>
        <line num="74" count="0" type="stmt"/>
        <line num="77" count="0" type="stmt"/>
        <line num="80" count="0" type="stmt"/>
        <line num="83" count="0" type="stmt"/>
        <line num="85" count="0" type="stmt"/>
        <line num="87" count="0" type="stmt"/>
        <line num="90" count="0" type="cond" truecount="0" falsecount="2"/>
        <line num="91" count="0" type="stmt"/>
        <line num="92" count="0" type="stmt"/>
        <line num="95" count="0" type="stmt"/>
        <line num="98" count="0" type="stmt"/>
        <line num="101" count="0" type="stmt"/>
        <line num="108" count="0" type="stmt"/>
        <line num="111" count="0" type="stmt"/>
        <line num="113" count="0" type="stmt"/>
        <line num="114" count="0" type="stmt"/>
        <line num="120" count="0" type="stmt"/>
        <line num="122" count="0" type="stmt"/>
        <line num="124" count="0" type="stmt"/>
        <line num="126" count="0" type="stmt"/>
        <line num="133" count="0" type="stmt"/>
        <line num="135" count="0" type="stmt"/>
        <line num="138" count="0" type="stmt"/>
        <line num="139" count="0" type="cond" truecount="0" falsecount="2"/>
        <line num="140" count="0" type="stmt"/>
        <line num="141" count="0" type="stmt"/>
        <line num="143" count="0" type="stmt"/>
        <line num="144" count="0" type="stmt"/>
        <line num="151" count="1" type="stmt"/>
        <line num="153" count="1" type="stmt"/>
        <line num="156" count="1" type="stmt"/>
        <line num="159" count="1" type="stmt"/>
        <line num="163" count="1" type="stmt"/>
        <line num="165" count="0" type="stmt"/>
        <line num="166" count="0" type="stmt"/>
        <line num="171" count="0" type="stmt"/>
        <line num="172" count="0" type="stmt"/>
        <line num="173" count="0" type="stmt"/>
        <line num="175" count="0" type="stmt"/>
        <line num="177" count="0" type="stmt"/>
        <line num="182" count="0" type="stmt"/>
        <line num="184" count="0" type="stmt"/>
        <line num="187" count="1" type="stmt"/>
      </file>
    </package>
    <package name="middlewares">
      <metrics statements="17" coveredstatements="4" conditionals="4" coveredconditionals="0" methods="3" coveredmethods="0"/>
      <file name="authMiddleware.js" path="E:\David\UnivalleAlToqueBackend\src\middlewares\authMiddleware.js">
        <metrics statements="17" coveredstatements="4" conditionals="4" coveredconditionals="0" methods="3" coveredmethods="0"/>
        <line num="1" count="1" type="stmt"/>
        <line num="2" count="1" type="stmt"/>
        <line num="3" count="1" type="stmt"/>
        <line num="9" count="0" type="stmt"/>
        <line num="10" count="0" type="stmt"/>
        <line num="13" count="0" type="cond" truecount="0" falsecount="2"/>
        <line num="14" count="0" type="stmt"/>
        <line num="19" count="0" type="stmt"/>
        <line num="20" count="0" type="cond" truecount="0" falsecount="2"/>
        <line num="21" count="0" type="stmt"/>
        <line num="25" count="0" type="stmt"/>
        <line num="27" count="0" type="stmt"/>
        <line num="33" count="0" type="stmt"/>
        <line num="36" count="0" type="stmt"/>
        <line num="41" count="0" type="stmt"/>
        <line num="44" count="0" type="stmt"/>
        <line num="47" count="1" type="stmt"/>
      </file>
    </package>
  </project>
</coverage>
