{"E:\\David\\UnivalleAlToqueBackend\\src\\controllers\\authController.js": {"path":"E:\\David\\UnivalleAlToqueBackend\\src\\controllers\\authController.js","statementMap":{"0":{"start":{"line":12,"column":4},"end":{"line":12,"column":38}},"1":{"start":{"line":13,"column":30},"end":{"line":13,"column":70}},"2":{"start":{"line":14,"column":12},"end":{"line":14,"column":35}},"3":{"start":{"line":15,"column":15},"end":{"line":15,"column":34}},"4":{"start":{"line":16,"column":18},"end":{"line":16,"column":44}},"5":{"start":{"line":17,"column":19},"end":{"line":17,"column":40}},"6":{"start":{"line":20,"column":20},"end":{"line":29,"column":2}},"7":{"start":{"line":33,"column":1},"end":{"line":65,"column":2}},"8":{"start":{"line":35,"column":30},"end":{"line":35,"column":38}},"9":{"start":{"line":38,"column":19},"end":{"line":38,"column":46}},"10":{"start":{"line":41,"column":23},"end":{"line":41,"column":40}},"11":{"start":{"line":44,"column":16},"end":{"line":44,"column":60}},"12":{"start":{"line":47,"column":2},"end":{"line":49,"column":3}},"13":{"start":{"line":48,"column":3},"end":{"line":48,"column":65}},"14":{"start":{"line":51,"column":15},"end":{"line":54,"column":3}},"15":{"start":{"line":56,"column":2},"end":{"line":56,"column":50}},"16":{"start":{"line":58,"column":16},"end":{"line":58,"column":41}},"17":{"start":{"line":61,"column":2},"end":{"line":61,"column":69}},"18":{"start":{"line":64,"column":2},"end":{"line":64,"column":80}},"19":{"start":{"line":70,"column":1},"end":{"line":115,"column":2}},"20":{"start":{"line":71,"column":33},"end":{"line":71,"column":41}},"21":{"start":{"line":73,"column":19},"end":{"line":73,"column":46}},"22":{"start":{"line":74,"column":21},"end":{"line":74,"column":50}},"23":{"start":{"line":77,"column":18},"end":{"line":77,"column":63}},"24":{"start":{"line":80,"column":47},"end":{"line":80,"column":54}},"25":{"start":{"line":83,"column":23},"end":{"line":83,"column":28}},"26":{"start":{"line":85,"column":2},"end":{"line":96,"column":3}},"27":{"start":{"line":87,"column":31},"end":{"line":87,"column":61}},"28":{"start":{"line":90,"column":3},"end":{"line":93,"column":4}},"29":{"start":{"line":91,"column":25},"end":{"line":91,"column":72}},"30":{"start":{"line":92,"column":4},"end":{"line":92,"column":30}},"31":{"start":{"line":95,"column":3},"end":{"line":95,"column":49}},"32":{"start":{"line":98,"column":22},"end":{"line":98,"column":49}},"33":{"start":{"line":101,"column":15},"end":{"line":105,"column":3}},"34":{"start":{"line":108,"column":16},"end":{"line":108,"column":41}},"35":{"start":{"line":111,"column":2},"end":{"line":111,"column":72}},"36":{"start":{"line":113,"column":2},"end":{"line":113,"column":51}},"37":{"start":{"line":114,"column":2},"end":{"line":114,"column":80}},"38":{"start":{"line":120,"column":31},"end":{"line":120,"column":39}},"39":{"start":{"line":122,"column":1},"end":{"line":122,"column":14}},"40":{"start":{"line":124,"column":1},"end":{"line":124,"column":62}},"41":{"start":{"line":126,"column":21},"end":{"line":131,"column":2}},"42":{"start":{"line":133,"column":1},"end":{"line":133,"column":70}},"43":{"start":{"line":135,"column":21},"end":{"line":135,"column":49}},"44":{"start":{"line":138,"column":1},"end":{"line":146,"column":4}},"45":{"start":{"line":139,"column":2},"end":{"line":145,"column":3}},"46":{"start":{"line":140,"column":3},"end":{"line":140,"column":66}},"47":{"start":{"line":141,"column":3},"end":{"line":141,"column":76}},"48":{"start":{"line":143,"column":3},"end":{"line":143,"column":61}},"49":{"start":{"line":144,"column":3},"end":{"line":144,"column":80}},"50":{"start":{"line":151,"column":1},"end":{"line":167,"column":2}},"51":{"start":{"line":153,"column":36},"end":{"line":153,"column":44}},"52":{"start":{"line":156,"column":25},"end":{"line":156,"column":56}},"53":{"start":{"line":159,"column":15},"end":{"line":159,"column":60}},"54":{"start":{"line":163,"column":2},"end":{"line":163,"column":17}},"55":{"start":{"line":165,"column":2},"end":{"line":165,"column":53}},"56":{"start":{"line":166,"column":2},"end":{"line":166,"column":49}},"57":{"start":{"line":171,"column":16},"end":{"line":171,"column":32}},"58":{"start":{"line":172,"column":15},"end":{"line":172,"column":29}},"59":{"start":{"line":173,"column":18},"end":{"line":173,"column":35}},"60":{"start":{"line":175,"column":1},"end":{"line":175,"column":53}},"61":{"start":{"line":177,"column":1},"end":{"line":177,"column":39}},"62":{"start":{"line":182,"column":14},"end":{"line":182,"column":30}},"63":{"start":{"line":184,"column":1},"end":{"line":184,"column":16}},"64":{"start":{"line":187,"column":0},"end":{"line":194,"column":2}}},"fnMap":{"0":{"name":"loginUser","decl":{"start":{"line":32,"column":15},"end":{"line":32,"column":24}},"loc":{"start":{"line":32,"column":35},"end":{"line":66,"column":1}},"line":32},"1":{"name":"loginGoogleUser","decl":{"start":{"line":69,"column":15},"end":{"line":69,"column":30}},"loc":{"start":{"line":69,"column":41},"end":{"line":116,"column":1}},"line":69},"2":{"name":"recoveryPasswordUser","decl":{"start":{"line":119,"column":15},"end":{"line":119,"column":35}},"loc":{"start":{"line":119,"column":46},"end":{"line":147,"column":1}},"line":119},"3":{"name":"(anonymous_3)","decl":{"start":{"line":138,"column":35},"end":{"line":138,"column":36}},"loc":{"start":{"line":138,"column":52},"end":{"line":146,"column":2}},"line":138},"4":{"name":"registerUser","decl":{"start":{"line":150,"column":15},"end":{"line":150,"column":27}},"loc":{"start":{"line":150,"column":38},"end":{"line":168,"column":1}},"line":150},"5":{"name":"currentUser","decl":{"start":{"line":170,"column":15},"end":{"line":170,"column":26}},"loc":{"start":{"line":170,"column":37},"end":{"line":178,"column":1}},"line":170},"6":{"name":"users","decl":{"start":{"line":181,"column":15},"end":{"line":181,"column":20}},"loc":{"start":{"line":181,"column":31},"end":{"line":185,"column":1}},"line":181}},"branchMap":{"0":{"loc":{"start":{"line":47,"column":2},"end":{"line":49,"column":3}},"type":"if","locations":[{"start":{"line":47,"column":2},"end":{"line":49,"column":3}},{"start":{},"end":{}}],"line":47},"1":{"loc":{"start":{"line":90,"column":3},"end":{"line":93,"column":4}},"type":"if","locations":[{"start":{"line":90,"column":3},"end":{"line":93,"column":4}},{"start":{},"end":{}}],"line":90},"2":{"loc":{"start":{"line":139,"column":2},"end":{"line":145,"column":3}},"type":"if","locations":[{"start":{"line":139,"column":2},"end":{"line":145,"column":3}},{"start":{"line":142,"column":9},"end":{"line":145,"column":3}}],"line":139}},"s":{"0":2,"1":2,"2":2,"3":2,"4":2,"5":2,"6":2,"7":4,"8":4,"9":4,"10":3,"11":2,"12":2,"13":2,"14":0,"15":0,"16":0,"17":0,"18":4,"19":0,"20":0,"21":0,"22":0,"23":0,"24":0,"25":0,"26":0,"27":0,"28":0,"29":0,"30":0,"31":0,"32":0,"33":0,"34":0,"35":0,"36":0,"37":0,"38":0,"39":0,"40":0,"41":0,"42":0,"43":0,"44":0,"45":0,"46":0,"47":0,"48":0,"49":0,"50":1,"51":1,"52":1,"53":1,"54":1,"55":0,"56":0,"57":0,"58":0,"59":0,"60":0,"61":0,"62":0,"63":0,"64":2},"f":{"0":4,"1":0,"2":0,"3":0,"4":1,"5":0,"6":0},"b":{"0":[2,0],"1":[0,0],"2":[0,0]},"_coverageSchema":"1a1c01bbd47fc00a2c39e90264f33305004495a9","hash":"ca930f39e569292e52b6b599a84e279f4b859e19"}
,"E:\\David\\UnivalleAlToqueBackend\\src\\middlewares\\authMiddleware.js": {"path":"E:\\David\\UnivalleAlToqueBackend\\src\\middlewares\\authMiddleware.js","statementMap":{"0":{"start":{"line":1,"column":25},"end":{"line":1,"column":55}},"1":{"start":{"line":2,"column":18},"end":{"line":2,"column":44}},"2":{"start":{"line":3,"column":12},"end":{"line":3,"column":35}},"3":{"start":{"line":9,"column":15},"end":{"line":9,"column":40}},"4":{"start":{"line":10,"column":1},"end":{"line":10,"column":31}},"5":{"start":{"line":13,"column":1},"end":{"line":15,"column":2}},"6":{"start":{"line":14,"column":2},"end":{"line":14,"column":67}},"7":{"start":{"line":19,"column":1},"end":{"line":28,"column":4}},"8":{"start":{"line":20,"column":2},"end":{"line":22,"column":3}},"9":{"start":{"line":21,"column":3},"end":{"line":21,"column":60}},"10":{"start":{"line":25,"column":2},"end":{"line":25,"column":21}},"11":{"start":{"line":27,"column":2},"end":{"line":27,"column":9}},"12":{"start":{"line":33,"column":16},"end":{"line":33,"column":43}},"13":{"start":{"line":36,"column":16},"end":{"line":39,"column":3}},"14":{"start":{"line":41,"column":17},"end":{"line":41,"column":36}},"15":{"start":{"line":44,"column":1},"end":{"line":44,"column":16}},"16":{"start":{"line":47,"column":0},"end":{"line":50,"column":2}}},"fnMap":{"0":{"name":"verifyToken","decl":{"start":{"line":6,"column":9},"end":{"line":6,"column":20}},"loc":{"start":{"line":6,"column":37},"end":{"line":29,"column":1}},"line":6},"1":{"name":"(anonymous_1)","decl":{"start":{"line":19,"column":44},"end":{"line":19,"column":45}},"loc":{"start":{"line":19,"column":62},"end":{"line":28,"column":2}},"line":19},"2":{"name":"verifyTokenGoogle","decl":{"start":{"line":32,"column":15},"end":{"line":32,"column":32}},"loc":{"start":{"line":32,"column":54},"end":{"line":45,"column":1}},"line":32}},"branchMap":{"0":{"loc":{"start":{"line":13,"column":1},"end":{"line":15,"column":2}},"type":"if","locations":[{"start":{"line":13,"column":1},"end":{"line":15,"column":2}},{"start":{},"end":{}}],"line":13},"1":{"loc":{"start":{"line":20,"column":2},"end":{"line":22,"column":3}},"type":"if","locations":[{"start":{"line":20,"column":2},"end":{"line":22,"column":3}},{"start":{},"end":{}}],"line":20}},"s":{"0":2,"1":2,"2":2,"3":0,"4":0,"5":0,"6":0,"7":0,"8":0,"9":0,"10":0,"11":0,"12":0,"13":0,"14":0,"15":0,"16":2},"f":{"0":0,"1":0,"2":0},"b":{"0":[0,0],"1":[0,0]},"_coverageSchema":"1a1c01bbd47fc00a2c39e90264f33305004495a9","hash":"c6f1aa1084b1dbb6589b987638d306fbc7f4191b"}
}
