TN:
SF:src\controllers\authController.js
FN:32,loginUser
FN:69,loginGoogleUser
FN:119,recoveryPasswordUser
FN:138,(anonymous_3)
FN:150,registerUser
FN:170,currentUser
FN:181,users
FNF:7
FNH:2
FNDA:4,loginUser
FNDA:0,loginGoogleUser
FNDA:0,recoveryPasswordUser
FNDA:0,(anonymous_3)
FNDA:1,registerUser
FNDA:0,currentUser
FNDA:0,users
DA:12,2
DA:13,2
DA:14,2
DA:15,2
DA:16,2
DA:17,2
DA:20,2
DA:33,4
DA:35,4
DA:38,4
DA:41,3
DA:44,2
DA:47,2
DA:48,2
DA:51,0
DA:56,0
DA:58,0
DA:61,0
DA:64,4
DA:70,0
DA:71,0
DA:73,0
DA:74,0
DA:77,0
DA:80,0
DA:83,0
DA:85,0
DA:87,0
DA:90,0
DA:91,0
DA:92,0
DA:95,0
DA:98,0
DA:101,0
DA:108,0
DA:111,0
DA:113,0
DA:114,0
DA:120,0
DA:122,0
DA:124,0
DA:126,0
DA:133,0
DA:135,0
DA:138,0
DA:139,0
DA:140,0
DA:141,0
DA:143,0
DA:144,0
DA:151,1
DA:153,1
DA:156,1
DA:159,1
DA:163,1
DA:165,0
DA:166,0
DA:171,0
DA:172,0
DA:173,0
DA:175,0
DA:177,0
DA:182,0
DA:184,0
DA:187,2
LF:65
LH:21
BRDA:47,0,0,2
BRDA:47,0,1,0
BRDA:90,1,0,0
BRDA:90,1,1,0
BRDA:139,2,0,0
BRDA:139,2,1,0
BRF:6
BRH:1
end_of_record
TN:
SF:src\middlewares\authMiddleware.js
FN:6,verifyToken
FN:19,(anonymous_1)
FN:32,verifyTokenGoogle
FNF:3
FNH:0
FNDA:0,verifyToken
FNDA:0,(anonymous_1)
FNDA:0,verifyTokenGoogle
DA:1,2
DA:2,2
DA:3,2
DA:9,0
DA:10,0
DA:13,0
DA:14,0
DA:19,0
DA:20,0
DA:21,0
DA:25,0
DA:27,0
DA:33,0
DA:36,0
DA:41,0
DA:44,0
DA:47,2
LF:17
LH:4
BRDA:13,0,0,0
BRDA:13,0,1,0
BRDA:20,1,0,0
BRDA:20,1,1,0
BRF:4
BRH:0
end_of_record
